[2025-07-25 10:47:54] [INFO] Logging initialized: /Users/hubo/workspace/git-depot/vim-configure/utility/git_sh1_20250725_104754.log
[2025-07-25 10:47:54] [INFO] Script cleanup completed
[2025-07-25 10:47:54] [INFO] Logging initialized: /Users/hubo/workspace/git-depot/vim-configure/utility/git_sh1_20250725_104754.log
[2025-07-25 10:47:54] [INFO] Initializing repository management system
[2025-07-25 10:47:54] [INFO] Found git-depot directory: /Users/hubo/workspace/git-depot
[2025-07-25 10:47:54] [INFO] Using repo_base directory: /Users/hubo/workspace/git-depot/repo_base
[2025-07-25 10:47:54] [INFO] Using worktree_base_path: /Users/hubo/workspace/git-depot
[2025-07-25 10:47:54] [INFO] Repository management system initialized successfully
[2025-07-25 10:47:54] [INFO] Git depot: /Users/hubo/workspace/git-depot
[2025-07-25 10:47:54] [INFO] Repo base: /Users/hubo/workspace/git-depot/repo_base
[2025-07-25 10:47:54] [INFO] Worktree base: /Users/hubo/workspace/git-depot
[2025-07-25 10:47:54] [INFO] Features directory: /Users/hubo/workspace/git-depot/vim-configure/utility/git_sh1_modules/.git_sh1_features
[2025-07-25 10:47:54] [INFO] Profiles directory: /Users/hubo/workspace/git-depot/.git_sh1_profiles
  [0;32mopensource[0m -> opensource
[2025-07-25 10:47:54
  [0;32mopensource[0m -> opensource] [INFO] Script cleanup completed
[2025-07-25 10:47:54] [INFO] Logging initialized: /Users/hubo/workspace/git-depot/vim-configure/utility/git_sh1_20250725_104754.log
[2025-07-25 10:47:54] [INFO] Initializing repository management system
[2025-07-25 10:47:54] [INFO] Found git-depot directory: /Users/hubo/workspace/git-depot
[2025-07-25 10:47:54] [INFO] Using repo_base directory: /Users/hubo/workspace/git-depot/repo_base
[2025-07-25 10:47:54] [INFO] Using worktree_base_path: /Users/hubo/workspace/git-depot
[2025-07-25 10:47:54] [INFO] Repository management system initialized successfully
[2025-07-25 10:47:54] [INFO] Git depot: /Users/hubo/workspace/git-depot
[2025-07-25 10:47:54] [INFO] Repo base: /Users/hubo/workspace/git-depot/repo_base
[2025-07-25 10:47:54] [INFO] Worktree base: /Users/hubo/workspace/git-depot
[2025-07-25 10:47:54] [INFO] Features directory: /Users/hubo/workspace/git-depot/vim-configure/utility/git_sh1_modules/.git_sh1_features
[2025-07-25 10:47:54] [INFO] Profiles directory: /Users/hubo/workspace/git-depot/.git_sh1_profiles
[2025-07-25 10:47:54] [INFO] Starting repository verification
[2025-07-25 10:47:54] [INFO] Repository missing: controller at /Users/hubo/workspace/git-depot/repo_base/rks_ap/controller
[0;36m[1/1] (100%) Verifying controller...[0m[2025-07-25 10:47:54
[0;36m[1/1] (100%) Verifying controller...[0m] [INFO] Script cleanup completed
[2025-07-25 10:47:54] [INFO] Logging initialized: /Users/hubo/workspace/git-depot/vim-configure/utility/git_sh1_20250725_104754.log
[2025-07-25 10:47:54] [INFO] Logging initialized: /Users/hubo/workspace/git-depot/vim-configure/utility/git_sh1_20250725_104754.log
[2025-07-25 10:47:54] [INFO] Script cleanup completed
